{
                    "app": "Crmeb",
                    "timestamp":"2025-11-30 14:31:08.601",
                    "level": "DEBUG",
                    "thread": "main",
                    "class": "o.springframework.boot.SpringApplication",
                    "message": "Loading source class com.zbkj.front.CrmebFrontApplication" }
                    
{
                    "app": "Crmeb",
                    "timestamp":"2025-11-30 14:31:08.670",
                    "level": "DEBUG",
                    "thread": "main",
                    "class": "o.s.b.w.s.c.AnnotationConfigServletWebServerApplicationContext",
                    "message": "Refreshing org.springframework.boot.web.servlet.context.AnnotationConfigServletWebServerApplicationContext@3bd7f8dc" }
                    
{
                    "app": "Crmeb",
                    "timestamp":"2025-11-30 14:31:11.751",
                    "level": "DEBUG",
                    "thread": "main",
                    "class": "o.s.b.w.e.t.TomcatServletWebServerFactory",
                    "message": "Code archive: C:\Users\Lenovo\.m2\repository\org\springframework\boot\spring-boot\2.7.18\spring-boot-2.7.18.jar" }
                    
{
                    "app": "Crmeb",
                    "timestamp":"2025-11-30 14:31:11.752",
                    "level": "DEBUG",
                    "thread": "main",
                    "class": "o.s.b.w.e.t.TomcatServletWebServerFactory",
                    "message": "Code archive: C:\Users\Lenovo\.m2\repository\org\springframework\boot\spring-boot\2.7.18\spring-boot-2.7.18.jar" }
                    
{
                    "app": "Crmeb",
                    "timestamp":"2025-11-30 14:31:11.752",
                    "level": "DEBUG",
                    "thread": "main",
                    "class": "o.s.b.w.e.t.TomcatServletWebServerFactory",
                    "message": "None of the document roots [src/main/webapp, public, static] point to a directory and will be ignored." }
                    
{
                    "app": "Crmeb",
                    "timestamp":"2025-11-30 14:31:12.240",
                    "level": "DEBUG",
                    "thread": "main",
                    "class": "o.s.b.w.s.c.ServletWebServerApplicationContext",
                    "message": "Published root WebApplicationContext as ServletContext attribute with name [org.springframework.web.context.WebApplicationContext.ROOT]" }
                    
{
                    "app": "Crmeb",
                    "timestamp":"2025-11-30 14:31:12.593",
                    "level": "DEBUG",
                    "thread": "main",
                    "class": "o.s.b.w.s.ServletContextInitializerBeans",
                    "message": "Mapping filters: filterRegistrationBean urls=[/*] order=-2147483647, springSecurityFilterChain urls=[/*] order=-100, filterRegistrationBean urls=[/*] order=2147483647, filterRegistrationBean urls=[/*] order=2147483647, filterRegistrationBean urls=[/*] order=2147483647, characterEncodingFilter urls=[/*] order=-2147483648, formContentFilter urls=[/*] order=-9900, requestContextFilter urls=[/*] order=-105, corsFilter urls=[/*] order=2147483647" }
                    
{
                    "app": "Crmeb",
                    "timestamp":"2025-11-30 14:31:12.594",
                    "level": "DEBUG",
                    "thread": "main",
                    "class": "o.s.b.w.s.ServletContextInitializerBeans",
                    "message": "Mapping servlets: statViewServlet urls=[/druid/*], dispatcherServlet urls=[/]" }
                    
{
                    "app": "Crmeb",
                    "timestamp":"2025-11-30 14:31:12.632",
                    "level": "DEBUG",
                    "thread": "main",
                    "class": "o.s.b.a.m.w.servlet.WebMvcMetricsFilter",
                    "message": "Filter 'webMvcMetricsFilter' configured for use" }
                    
{
                    "app": "Crmeb",
                    "timestamp":"2025-11-30 14:31:12.632",
                    "level": "DEBUG",
                    "thread": "main",
                    "class": "o.s.b.w.s.f.OrderedRequestContextFilter",
                    "message": "Filter 'requestContextFilter' configured for use" }
                    
{
                    "app": "Crmeb",
                    "timestamp":"2025-11-30 14:31:12.634",
                    "level": "DEBUG",
                    "thread": "main",
                    "class": "o.springframework.web.filter.CorsFilter",
                    "message": "Filter 'corsFilter' configured for use" }
                    
{
                    "app": "Crmeb",
                    "timestamp":"2025-11-30 14:31:12.634",
                    "level": "DEBUG",
                    "thread": "main",
                    "class": "o.s.b.w.s.f.OrderedCharacterEncodingFilter",
                    "message": "Filter 'characterEncodingFilter' configured for use" }
                    
{
                    "app": "Crmeb",
                    "timestamp":"2025-11-30 14:31:12.634",
                    "level": "DEBUG",
                    "thread": "main",
                    "class": "o.s.b.w.s.DelegatingFilterProxyRegistrationBean$1",
                    "message": "Filter 'springSecurityFilterChain' configured for use" }
                    
{
                    "app": "Crmeb",
                    "timestamp":"2025-11-30 14:31:12.634",
                    "level": "DEBUG",
                    "thread": "main",
                    "class": "o.s.b.w.s.f.OrderedFormContentFilter",
                    "message": "Filter 'formContentFilter' configured for use" }
                    
{
                    "app": "Crmeb",
                    "timestamp":"2025-11-30 14:31:18.244",
                    "level": "DEBUG",
                    "thread": "main",
                    "class": "o.s.w.s.m.m.a.RequestMappingHandlerMapping",
                    "message": "163 mappings in 'requestMappingHandlerMapping'" }
                    
{
                    "app": "Crmeb",
                    "timestamp":"2025-11-30 14:31:18.697",
                    "level": "DEBUG",
                    "thread": "main",
                    "class": "o.s.b.a.SpringApplicationAdminMXBeanRegistrar$SpringApplicationAdmin",
                    "message": "Application Admin MBean registered with name 'org.springframework.boot:type=Admin,name=SpringApplication'" }
                    
{
                    "app": "Crmeb",
                    "timestamp":"2025-11-30 14:31:18.711",
                    "level": "DEBUG",
                    "thread": "main",
                    "class": "o.s.w.s.m.m.a.RequestMappingHandlerAdapter",
                    "message": "ControllerAdvice beans: 0 @ModelAttribute, 0 @InitBinder, 1 RequestBodyAdvice, 2 ResponseBodyAdvice" }
                    
{
                    "app": "Crmeb",
                    "timestamp":"2025-11-30 14:31:18.806",
                    "level": "DEBUG",
                    "thread": "main",
                    "class": "o.s.w.s.handler.SimpleUrlHandlerMapping",
                    "message": "Patterns [/webjars/**, /**, /doc.html] in 'resourceHandlerMapping'" }
                    
{
                    "app": "Crmeb",
                    "timestamp":"2025-11-30 14:31:18.819",
                    "level": "DEBUG",
                    "thread": "main",
                    "class": "o.s.w.s.m.m.a.ExceptionHandlerExceptionResolver",
                    "message": "ControllerAdvice beans: 1 @ExceptionHandler, 2 ResponseBodyAdvice" }
                    
{
                    "app": "Crmeb",
                    "timestamp":"2025-11-30 14:31:19.869",
                    "level": "DEBUG",
                    "thread": "http-nio-8081-exec-6",
                    "class": "o.s.web.servlet.DispatcherServlet",
                    "message": "Detected StandardServletMultipartResolver" }
                    
{
                    "app": "Crmeb",
                    "timestamp":"2025-11-30 14:31:19.869",
                    "level": "DEBUG",
                    "thread": "http-nio-8081-exec-6",
                    "class": "o.s.web.servlet.DispatcherServlet",
                    "message": "Detected AcceptHeaderLocaleResolver" }
                    
{
                    "app": "Crmeb",
                    "timestamp":"2025-11-30 14:31:19.870",
                    "level": "DEBUG",
                    "thread": "http-nio-8081-exec-6",
                    "class": "o.s.web.servlet.DispatcherServlet",
                    "message": "Detected FixedThemeResolver" }
                    
{
                    "app": "Crmeb",
                    "timestamp":"2025-11-30 14:31:19.874",
                    "level": "DEBUG",
                    "thread": "http-nio-8081-exec-6",
                    "class": "o.s.web.servlet.DispatcherServlet",
                    "message": "Detected org.springframework.web.servlet.view.DefaultRequestToViewNameTranslator@2be92a07" }
                    
{
                    "app": "Crmeb",
                    "timestamp":"2025-11-30 14:31:19.875",
                    "level": "DEBUG",
                    "thread": "http-nio-8081-exec-6",
                    "class": "o.s.web.servlet.DispatcherServlet",
                    "message": "Detected org.springframework.web.servlet.support.SessionFlashMapManager@7fa84330" }
                    
{
                    "app": "Crmeb",
                    "timestamp":"2025-11-30 14:31:19.875",
                    "level": "DEBUG",
                    "thread": "http-nio-8081-exec-6",
                    "class": "o.s.web.servlet.DispatcherServlet",
                    "message": "enableLoggingRequestDetails='false': request parameters and headers will be masked to prevent unsafe logging of potentially sensitive data" }
                    
{
                    "app": "Crmeb",
                    "timestamp":"2025-11-30 14:31:19.921",
                    "level": "DEBUG",
                    "thread": "http-nio-8081-exec-6",
                    "class": "o.s.web.servlet.DispatcherServlet",
                    "message": "POST "/api/front/login", parameters={}" }
                    
{
                    "app": "Crmeb",
                    "timestamp":"2025-11-30 14:31:19.927",
                    "level": "DEBUG",
                    "thread": "http-nio-8081-exec-6",
                    "class": "o.s.w.s.m.m.a.RequestMappingHandlerMapping",
                    "message": "Mapped to com.zbkj.front.controller.LoginController#login(LoginRequest)" }
                    
{
                    "app": "Crmeb",
                    "timestamp":"2025-11-30 14:31:20.012",
                    "level": "DEBUG",
                    "thread": "http-nio-8081-exec-6",
                    "class": "o.s.w.s.m.m.a.RequestResponseBodyMethodProcessor",
                    "message": "Read "application/json;charset=UTF-8" to [LoginRequest(phone=18292417675, password=Test123456, spreadPid=0)]" }
                    
{
                    "app": "Crmeb",
                    "timestamp":"2025-11-30 14:31:20.613",
                    "level": "DEBUG",
                    "thread": "main",
                    "class": "o.s.b.c.p.s.ConfigurationPropertySourcesPropertyResolver$DefaultResolver",
                    "message": "Found key 'spring.liveBeansView.mbeanDomain' in PropertySource 'systemProperties' with value of type String" }
                    
{
                    "app": "Crmeb",
                    "timestamp":"2025-11-30 14:31:20.620",
                    "level": "DEBUG",
                    "thread": "main",
                    "class": "o.s.b.a.ApplicationAvailabilityBean",
                    "message": "Application availability state LivenessState changed to CORRECT" }
                    
{
                    "app": "Crmeb",
                    "timestamp":"2025-11-30 14:31:20.623",
                    "level": "DEBUG",
                    "thread": "main",
                    "class": "o.s.b.a.ApplicationAvailabilityBean",
                    "message": "Application availability state ReadinessState changed to ACCEPTING_TRAFFIC" }
                    
{
                    "app": "Crmeb",
                    "timestamp":"2025-11-30 14:31:20.851",
                    "level": "DEBUG",
                    "thread": "http-nio-8081-exec-6",
                    "class": "o.s.w.s.m.m.a.ExceptionHandlerExceptionResolver",
                    "message": "Using @ExceptionHandler com.zbkj.service.exception.GlobalExceptionHandler#defaultExceptionHandler(HttpServletRequest, Exception)" }
                    
{
                    "app": "Crmeb",
                    "timestamp":"2025-11-30 14:31:20.916",
                    "level": "DEBUG",
                    "thread": "http-nio-8081-exec-6",
                    "class": "o.s.w.s.m.m.a.RequestResponseBodyMethodProcessor",
                    "message": "Using 'application/json', given [*/*] and supported [application/json, application/*+json, application/json, application/*+json, application/cbor]" }
                    
{
                    "app": "Crmeb",
                    "timestamp":"2025-11-30 14:31:20.918",
                    "level": "DEBUG",
                    "thread": "http-nio-8081-exec-6",
                    "class": "o.s.w.s.m.m.a.RequestResponseBodyMethodProcessor",
                    "message": "Writing [com.zbkj.common.result.CommonResult@5ee3d8c6]" }
                    
{
                    "app": "Crmeb",
                    "timestamp":"2025-11-30 14:31:20.931",
                    "level": "DEBUG",
                    "thread": "http-nio-8081-exec-6",
                    "class": "o.s.w.s.m.m.a.ExceptionHandlerExceptionResolver",
                    "message": "Resolved [com.zbkj.common.exception.CrmebException: 密码错误]" }
                    
{
                    "app": "Crmeb",
                    "timestamp":"2025-11-30 14:31:20.932",
                    "level": "DEBUG",
                    "thread": "http-nio-8081-exec-6",
                    "class": "o.s.web.servlet.DispatcherServlet",
                    "message": "Completed 200 OK" }
                    
{
                    "app": "Crmeb",
                    "timestamp":"2025-11-30 14:32:52.579",
                    "level": "DEBUG",
                    "thread": "http-nio-8081-exec-8",
                    "class": "o.s.web.servlet.DispatcherServlet",
                    "message": "GET "/api/front/product/good", parameters={}" }
                    
{
                    "app": "Crmeb",
                    "timestamp":"2025-11-30 14:32:52.581",
                    "level": "DEBUG",
                    "thread": "http-nio-8081-exec-8",
                    "class": "o.s.w.s.m.m.a.RequestMappingHandlerMapping",
                    "message": "Mapped to com.zbkj.front.controller.ProductController#getGoodProductList()" }
                    
{
                    "app": "Crmeb",
                    "timestamp":"2025-11-30 14:32:52.748",
                    "level": "DEBUG",
                    "thread": "http-nio-8081-exec-8",
                    "class": "o.s.w.s.m.m.a.RequestResponseBodyMethodProcessor",
                    "message": "Using 'application/json', given [*/*] and supported [application/json, application/*+json, application/json, application/*+json, application/cbor]" }
                    
{
                    "app": "Crmeb",
                    "timestamp":"2025-11-30 14:32:52.749",
                    "level": "DEBUG",
                    "thread": "http-nio-8081-exec-8",
                    "class": "o.s.w.s.m.m.a.RequestResponseBodyMethodProcessor",
                    "message": "Writing [com.zbkj.common.result.CommonResult@15296470]" }
                    
{
                    "app": "Crmeb",
                    "timestamp":"2025-11-30 14:32:52.754",
                    "level": "DEBUG",
                    "thread": "http-nio-8081-exec-8",
                    "class": "o.s.web.servlet.DispatcherServlet",
                    "message": "Completed 200 OK" }
                    
{
                    "app": "Crmeb",
                    "timestamp":"2025-11-30 14:34:22.045",
                    "level": "DEBUG",
                    "thread": "http-nio-8081-exec-5",
                    "class": "o.s.web.servlet.DispatcherServlet",
                    "message": "GET "/api/front/reply/list/?type&page&limit", parameters={masked}" }
                    
{
                    "app": "Crmeb",
                    "timestamp":"2025-11-30 14:34:22.049",
                    "level": "DEBUG",
                    "thread": "http-nio-8081-exec-5",
                    "class": "o.s.w.s.handler.SimpleUrlHandlerMapping",
                    "message": "Mapped to ResourceHttpRequestHandler [classpath [static/]]" }
                    
{
                    "app": "Crmeb",
                    "timestamp":"2025-11-30 14:34:22.051",
                    "level": "DEBUG",
                    "thread": "http-nio-8081-exec-5",
                    "class": "o.s.w.s.r.ResourceHttpRequestHandler",
                    "message": "Resource not found" }
                    
{
                    "app": "Crmeb",
                    "timestamp":"2025-11-30 14:34:22.051",
                    "level": "DEBUG",
                    "thread": "http-nio-8081-exec-5",
                    "class": "o.s.web.servlet.DispatcherServlet",
                    "message": "Completed 404 NOT_FOUND" }
                    
{
                    "app": "Crmeb",
                    "timestamp":"2025-11-30 14:34:22.055",
                    "level": "DEBUG",
                    "thread": "http-nio-8081-exec-5",
                    "class": "o.s.web.servlet.DispatcherServlet",
                    "message": ""ERROR" dispatch for GET "/error?type&page&limit", parameters={masked}" }
                    
{
                    "app": "Crmeb",
                    "timestamp":"2025-11-30 14:34:22.057",
                    "level": "DEBUG",
                    "thread": "http-nio-8081-exec-5",
                    "class": "o.s.w.s.m.m.a.RequestMappingHandlerMapping",
                    "message": "Mapped to org.springframework.boot.autoconfigure.web.servlet.error.BasicErrorController#error(HttpServletRequest)" }
                    
{
                    "app": "Crmeb",
                    "timestamp":"2025-11-30 14:34:22.060",
                    "level": "DEBUG",
                    "thread": "http-nio-8081-exec-5",
                    "class": "o.s.w.s.m.m.a.HttpEntityMethodProcessor",
                    "message": "Using 'application/json', given [*/*] and supported [application/json, application/*+json, application/json, application/*+json, application/cbor]" }
                    
{
                    "app": "Crmeb",
                    "timestamp":"2025-11-30 14:34:22.061",
                    "level": "DEBUG",
                    "thread": "http-nio-8081-exec-5",
                    "class": "o.s.w.s.m.m.a.HttpEntityMethodProcessor",
                    "message": "Writing [{timestamp=Sun Nov 30 14:34:22 CST 2025, status=404, error=Not Found, path=/api/front/reply/list/}]" }
                    
{
                    "app": "Crmeb",
                    "timestamp":"2025-11-30 14:34:22.062",
                    "level": "DEBUG",
                    "thread": "http-nio-8081-exec-5",
                    "class": "o.s.web.servlet.DispatcherServlet",
                    "message": "Exiting from "ERROR" dispatch, status 404" }
                    
{
                    "app": "Crmeb",
                    "timestamp":"2025-11-30 14:34:43.474",
                    "level": "DEBUG",
                    "thread": "http-nio-8081-exec-9",
                    "class": "o.s.web.servlet.DispatcherServlet",
                    "message": "GET "/api/front/reply/list/1?type&page&limit", parameters={masked}" }
                    
{
                    "app": "Crmeb",
                    "timestamp":"2025-11-30 14:34:43.477",
                    "level": "DEBUG",
                    "thread": "http-nio-8081-exec-9",
                    "class": "o.s.w.s.m.m.a.RequestMappingHandlerMapping",
                    "message": "Mapped to com.zbkj.front.controller.ProductController#getReplyList(Integer, Integer, PageParamRequest)" }
                    
{
                    "app": "Crmeb",
                    "timestamp":"2025-11-30 14:34:43.479",
                    "level": "DEBUG",
                    "thread": "http-nio-8081-exec-9",
                    "class": "o.s.web.method.HandlerMethod",
                    "message": "Could not resolve parameter [1] in public com.zbkj.common.result.CommonResult<com.zbkj.common.page.CommonPage<com.zbkj.common.response.ProductReplyResponse>> com.zbkj.front.controller.ProductController.getReplyList(java.lang.Integer,java.lang.Integer,com.zbkj.common.request.PageParamRequest): Required request parameter 'type' for method parameter type Integer is present but converted to null" }
                    
{
                    "app": "Crmeb",
                    "timestamp":"2025-11-30 14:34:43.479",
                    "level": "DEBUG",
                    "thread": "http-nio-8081-exec-9",
                    "class": "o.s.w.s.m.m.a.ExceptionHandlerExceptionResolver",
                    "message": "Using @ExceptionHandler com.zbkj.service.exception.GlobalExceptionHandler#defaultExceptionHandler(HttpServletRequest, Exception)" }
                    
{
                    "app": "Crmeb",
                    "timestamp":"2025-11-30 14:34:43.493",
                    "level": "DEBUG",
                    "thread": "http-nio-8081-exec-9",
                    "class": "o.s.w.s.m.m.a.RequestResponseBodyMethodProcessor",
                    "message": "Using 'application/json', given [*/*] and supported [application/json, application/*+json, application/json, application/*+json, application/cbor]" }
                    
{
                    "app": "Crmeb",
                    "timestamp":"2025-11-30 14:34:43.493",
                    "level": "DEBUG",
                    "thread": "http-nio-8081-exec-9",
                    "class": "o.s.w.s.m.m.a.RequestResponseBodyMethodProcessor",
                    "message": "Writing [com.zbkj.common.result.CommonResult@3893d636]" }
                    
{
                    "app": "Crmeb",
                    "timestamp":"2025-11-30 14:34:43.493",
                    "level": "DEBUG",
                    "thread": "http-nio-8081-exec-9",
                    "class": "o.s.w.s.m.m.a.ExceptionHandlerExceptionResolver",
                    "message": "Resolved [org.springframework.web.bind.MissingServletRequestParameterException: Required request parameter 'type' for method parameter type Integer is present but converted to null]" }
                    
{
                    "app": "Crmeb",
                    "timestamp":"2025-11-30 14:34:43.494",
                    "level": "DEBUG",
                    "thread": "http-nio-8081-exec-9",
                    "class": "o.s.web.servlet.DispatcherServlet",
                    "message": "Completed 200 OK" }
                    
{
                    "app": "Crmeb",
                    "timestamp":"2025-11-30 14:49:02.540",
                    "level": "DEBUG",
                    "thread": "SpringApplicationShutdownHook",
                    "class": "o.s.b.a.ApplicationAvailabilityBean",
                    "message": "Application availability state ReadinessState changed from ACCEPTING_TRAFFIC to REFUSING_TRAFFIC" }
                    
{
                    "app": "Crmeb",
                    "timestamp":"2025-11-30 14:49:02.544",
                    "level": "DEBUG",
                    "thread": "SpringApplicationShutdownHook",
                    "class": "o.s.b.w.s.c.AnnotationConfigServletWebServerApplicationContext",
                    "message": "Closing org.springframework.boot.web.servlet.context.AnnotationConfigServletWebServerApplicationContext@3bd7f8dc, started on Sun Nov 30 14:31:08 CST 2025" }
                    
{
                    "app": "Crmeb",
                    "timestamp":"2025-11-30 14:49:02.548",
                    "level": "DEBUG",
                    "thread": "SpringApplicationShutdownHook",
                    "class": "o.s.b.c.p.s.ConfigurationPropertySourcesPropertyResolver$DefaultResolver",
                    "message": "Found key 'spring.liveBeansView.mbeanDomain' in PropertySource 'systemProperties' with value of type String" }
                    
{
                    "app": "Crmeb",
                    "timestamp":"2025-11-30 14:49:02.727",
                    "level": "DEBUG",
                    "thread": "SpringApplicationShutdownHook",
                    "class": "o.s.b.a.endpoint.jmx.JmxEndpointExporter",
                    "message": "Unregister endpoint with ObjectName 'org.springframework.boot:type=Endpoint,name=Beans' from the JMX domain" }
                    
{
                    "app": "Crmeb",
                    "timestamp":"2025-11-30 14:49:02.727",
                    "level": "DEBUG",
                    "thread": "SpringApplicationShutdownHook",
                    "class": "o.s.b.a.endpoint.jmx.JmxEndpointExporter",
                    "message": "Unregister endpoint with ObjectName 'org.springframework.boot:type=Endpoint,name=Caches' from the JMX domain" }
                    
{
                    "app": "Crmeb",
                    "timestamp":"2025-11-30 14:49:02.727",
                    "level": "DEBUG",
                    "thread": "SpringApplicationShutdownHook",
                    "class": "o.s.b.a.endpoint.jmx.JmxEndpointExporter",
                    "message": "Unregister endpoint with ObjectName 'org.springframework.boot:type=Endpoint,name=Health' from the JMX domain" }
                    
{
                    "app": "Crmeb",
                    "timestamp":"2025-11-30 14:49:02.727",
                    "level": "DEBUG",
                    "thread": "SpringApplicationShutdownHook",
                    "class": "o.s.b.a.endpoint.jmx.JmxEndpointExporter",
                    "message": "Unregister endpoint with ObjectName 'org.springframework.boot:type=Endpoint,name=Info' from the JMX domain" }
                    
{
                    "app": "Crmeb",
                    "timestamp":"2025-11-30 14:49:02.727",
                    "level": "DEBUG",
                    "thread": "SpringApplicationShutdownHook",
                    "class": "o.s.b.a.endpoint.jmx.JmxEndpointExporter",
                    "message": "Unregister endpoint with ObjectName 'org.springframework.boot:type=Endpoint,name=Conditions' from the JMX domain" }
                    
{
                    "app": "Crmeb",
                    "timestamp":"2025-11-30 14:49:02.727",
                    "level": "DEBUG",
                    "thread": "SpringApplicationShutdownHook",
                    "class": "o.s.b.a.endpoint.jmx.JmxEndpointExporter",
                    "message": "Unregister endpoint with ObjectName 'org.springframework.boot:type=Endpoint,name=Configprops' from the JMX domain" }
                    
{
                    "app": "Crmeb",
                    "timestamp":"2025-11-30 14:49:02.727",
                    "level": "DEBUG",
                    "thread": "SpringApplicationShutdownHook",
                    "class": "o.s.b.a.endpoint.jmx.JmxEndpointExporter",
                    "message": "Unregister endpoint with ObjectName 'org.springframework.boot:type=Endpoint,name=Env' from the JMX domain" }
                    
{
                    "app": "Crmeb",
                    "timestamp":"2025-11-30 14:49:02.727",
                    "level": "DEBUG",
                    "thread": "SpringApplicationShutdownHook",
                    "class": "o.s.b.a.endpoint.jmx.JmxEndpointExporter",
                    "message": "Unregister endpoint with ObjectName 'org.springframework.boot:type=Endpoint,name=Loggers' from the JMX domain" }
                    
{
                    "app": "Crmeb",
                    "timestamp":"2025-11-30 14:49:02.727",
                    "level": "DEBUG",
                    "thread": "SpringApplicationShutdownHook",
                    "class": "o.s.b.a.endpoint.jmx.JmxEndpointExporter",
                    "message": "Unregister endpoint with ObjectName 'org.springframework.boot:type=Endpoint,name=Threaddump' from the JMX domain" }
                    
{
                    "app": "Crmeb",
                    "timestamp":"2025-11-30 14:49:02.727",
                    "level": "DEBUG",
                    "thread": "SpringApplicationShutdownHook",
                    "class": "o.s.b.a.endpoint.jmx.JmxEndpointExporter",
                    "message": "Unregister endpoint with ObjectName 'org.springframework.boot:type=Endpoint,name=Metrics' from the JMX domain" }
                    
{
                    "app": "Crmeb",
                    "timestamp":"2025-11-30 14:49:02.727",
                    "level": "DEBUG",
                    "thread": "SpringApplicationShutdownHook",
                    "class": "o.s.b.a.endpoint.jmx.JmxEndpointExporter",
                    "message": "Unregister endpoint with ObjectName 'org.springframework.boot:type=Endpoint,name=Scheduledtasks' from the JMX domain" }
                    
{
                    "app": "Crmeb",
                    "timestamp":"2025-11-30 14:49:02.727",
                    "level": "DEBUG",
                    "thread": "SpringApplicationShutdownHook",
                    "class": "o.s.b.a.endpoint.jmx.JmxEndpointExporter",
                    "message": "Unregister endpoint with ObjectName 'org.springframework.boot:type=Endpoint,name=Mappings' from the JMX domain" }
                    
